C51 COMPILER V9.60.7.0   MATRIX                                                            05/23/2025 14:21:34 PAGE 1   


C51 COMPILER V9.60.7.0, COMPILATION OF MODULE MATRIX
OBJECT MODULE PLACED IN .\Objects\matrix.obj
COMPILER INVOKED BY: C:\Keil_v5\C51\BIN\C51.EXE matrix.c LARGE OPTIMIZE(8,SPEED) BROWSE DEBUG OBJECTEXTEND PRINT(.\Listi
                    -ngs\matrix.lst) TABS(2) OBJECT(.\Objects\matrix.obj)

line level    source

   1          #include <REGX52.H>
   2          #include <delay.h>
   3          
   4          unsigned char matrixkey()
   5          {
   6   1        unsigned char KeyNumber=0;
   7   1        
   8   1        P1=0xFF;
   9   1        P1_3=0;
  10   1        if(P1_7==0){delay(20);while(P1_7==0);delay(20);KeyNumber=1;}
  11   1        if(P1_6==0){delay(20);while(P1_6==0);delay(20);KeyNumber=5;}
  12   1        if(P1_5==0){delay(20);while(P1_5==0);delay(20);KeyNumber=9;}
  13   1        if(P1_4==0){delay(20);while(P1_4==0);delay(20);KeyNumber=13;}
  14   1        
  15   1        P1=0xFF;
  16   1        P1_2=0;
  17   1        if(P1_7==0){delay(20);while(P1_7==0);delay(20);KeyNumber=2;}
  18   1        if(P1_6==0){delay(20);while(P1_6==0);delay(20);KeyNumber=6;}
  19   1        if(P1_5==0){delay(20);while(P1_5==0);delay(20);KeyNumber=10;}
  20   1        if(P1_4==0){delay(20);while(P1_4==0);delay(20);KeyNumber=14;}
  21   1        
  22   1        P1=0xFF;
  23   1        P1_1=0;
  24   1        if(P1_7==0){delay(20);while(P1_7==0);delay(20);KeyNumber=3;}
  25   1        if(P1_6==0){delay(20);while(P1_6==0);delay(20);KeyNumber=7;}
  26   1        if(P1_5==0){delay(20);while(P1_5==0);delay(20);KeyNumber=11;}
  27   1        if(P1_4==0){delay(20);while(P1_4==0);delay(20);KeyNumber=15;}
  28   1        
  29   1        P1=0xFF;
  30   1        P1_0=0;
  31   1        if(P1_7==0){delay(20);while(P1_7==0);delay(20);KeyNumber=4;}
  32   1        if(P1_6==0){delay(20);while(P1_6==0);delay(20);KeyNumber=8;}
  33   1        if(P1_5==0){delay(20);while(P1_5==0);delay(20);KeyNumber=12;}
  34   1        if(P1_4==0){delay(20);while(P1_4==0);delay(20);KeyNumber=16;}
  35   1        
  36   1        if(P3_1==0){delay(20);while(P3_1==0);delay(20);KeyNumber=17;}
  37   1        if(P3_0==0){delay(20);while(P3_0==0);delay(20);KeyNumber=18;}
  38   1        if(P3_2==0){delay(20);while(P3_2==0);delay(20);KeyNumber=19;}
  39   1        if(P3_3==0){delay(20);while(P3_3==0);delay(20);KeyNumber=20;}
  40   1        return KeyNumber;
  41   1      }


MODULE INFORMATION:   STATIC OVERLAYABLE
   CODE SIZE        =    550    ----
   CONSTANT SIZE    =   ----    ----
   XDATA SIZE       =   ----       1
   PDATA SIZE       =   ----    ----
   DATA SIZE        =   ----    ----
   IDATA SIZE       =   ----    ----
   BIT SIZE         =   ----    ----
END OF MODULE INFORMATION.


C51 COMPILATION COMPLETE.  0 WARNING(S),  0 ERROR(S)
