C51 COMPILER V9.60.7.0   NIXIE                                                             05/22/2025 19:29:59 PAGE 1   


C51 COMPILER V9.60.7.0, COMPILATION OF MODULE NIXIE
OBJECT MODULE PLACED IN .\Objects\nixie.obj
COMPILER INVOKED BY: C:\Keil_v5\C51\BIN\C51.EXE nixie.c LARGE OPTIMIZE(8,SPEED) BROWSE DEBUG OBJECTEXTEND PRINT(.\Listin
                    -gs\nixie.lst) TABS(2) OBJECT(.\Objects\nixie.obj)

line level    source

   1          #include <REGX52.H>
   2          #include <DELAY.H>
   3          sbit dula=P2^6;     
   4          sbit wela=P2^7;    
   5          unsigned char code nixieTable[]={0x3F,0x06,0x5B,0x4F,0x66,0x6D,0x7D,0x07,0x7F,0x6F,0x77,0x7c,0x39,0x5e,0x7
             -9,0x71};
   6          
   7          void nixie(unsigned int Location,unsigned int Number)
   8          {
   9   1        switch(Location) 
  10   1        {
  11   2          case 1:wela=1;P0=0xFE;wela=0;break; 
  12   2          case 2:wela=1;P0=0xFD;wela=0;break;
  13   2          case 3:wela=1;P0=0xFB;wela=0;break;
  14   2          case 4:wela=1;P0=0xF7;wela=0;break;
  15   2          case 5:wela=1;P0=0xEF;wela=0;break;
  16   2          case 6:wela=1;P0=0xDF;wela=0;break;
  17   2          
  18   2        }
  19   1          
  20   1          dula=1;
  21   1          P0=nixieTable[Number];
  22   1          dula=0;
  23   1          delay(1);
  24   1          P0=0Xff;
  25   1      } 


MODULE INFORMATION:   STATIC OVERLAYABLE
   CODE SIZE        =    105    ----
   CONSTANT SIZE    =     16    ----
   XDATA SIZE       =   ----    ----
   PDATA SIZE       =   ----    ----
   DATA SIZE        =   ----    ----
   IDATA SIZE       =   ----    ----
   BIT SIZE         =   ----    ----
END OF MODULE INFORMATION.


C51 COMPILATION COMPLETE.  0 WARNING(S),  0 ERROR(S)
